<?xml version="1.0" encoding="UTF-8"?>
<robot generator="Robot 3.1.2 (Python 3.8.1 on win32)" generated="20200319 13:43:43.244" rpa="false">
<suite id="s1" name="Tester" source="C:\Users\Balder\PycharmProjects\untitled\Tester">
<suite id="s1-s1" name="Testlabb2" source="C:\Users\Balder\PycharmProjects\untitled\Tester\testlabb2.robot">
<test id="s1-s1-t1" name="User can access http://rental6.infotiv.net">
<kw name="Begin Web Test" library="keywords" type="setup">
<kw name="Open Browser" library="SeleniumLibrary">
<doc>Opens a new browser instance to the optional ``url``.</doc>
<arguments>
<arg>about:blank</arg>
<arg>chrome</arg>
</arguments>
<msg timestamp="20200319 13:43:43.603" level="INFO">Opening browser 'chrome' to base url 'about:blank'.</msg>
<status status="PASS" starttime="20200319 13:43:43.603" endtime="20200319 13:43:49.024"></status>
</kw>
<kw name="Go To" library="SeleniumLibrary">
<doc>Navigates the current browser window to the provided ``url``.</doc>
<arguments>
<arg>http://rental6.infotiv.net/</arg>
</arguments>
<msg timestamp="20200319 13:43:49.026" level="INFO">Opening url 'http://rental6.infotiv.net/'</msg>
<status status="PASS" starttime="20200319 13:43:49.024" endtime="20200319 13:43:49.535"></status>
</kw>
<status status="PASS" starttime="20200319 13:43:43.602" endtime="20200319 13:43:49.535"></status>
</kw>
<kw name="Verify Main Page Has Loaded" library="keywords">
<kw name="Wait Until Page Contains" library="SeleniumLibrary">
<doc>Waits until ``text`` appears on the current page.</doc>
<arguments>
<arg>When do you want to make your trip?</arg>
</arguments>
<status status="PASS" starttime="20200319 13:43:49.538" endtime="20200319 13:43:49.572"></status>
</kw>
<status status="PASS" starttime="20200319 13:43:49.537" endtime="20200319 13:43:49.573"></status>
</kw>
<kw name="End Web Test" library="keywords" type="teardown">
<kw name="Close Browser" library="SeleniumLibrary">
<doc>Closes the current browser.</doc>
<status status="PASS" starttime="20200319 13:43:49.574" endtime="20200319 13:43:51.847"></status>
</kw>
<status status="PASS" starttime="20200319 13:43:49.574" endtime="20200319 13:43:51.847"></status>
</kw>
<doc>Test will see if loading page is possible</doc>
<tags>
<tag>AccessWebpage</tag>
</tags>
<status status="PASS" starttime="20200319 13:43:43.601" endtime="20200319 13:43:51.847" critical="yes"></status>
</test>
<test id="s1-s1-t2" name="Creating account using invalid inputs">
<kw name="Begin Web Test" library="keywords" type="setup">
<kw name="Open Browser" library="SeleniumLibrary">
<doc>Opens a new browser instance to the optional ``url``.</doc>
<arguments>
<arg>about:blank</arg>
<arg>chrome</arg>
</arguments>
<msg timestamp="20200319 13:43:51.851" level="INFO">Opening browser 'chrome' to base url 'about:blank'.</msg>
<status status="PASS" starttime="20200319 13:43:51.851" endtime="20200319 13:43:57.209"></status>
</kw>
<kw name="Go To" library="SeleniumLibrary">
<doc>Navigates the current browser window to the provided ``url``.</doc>
<arguments>
<arg>http://rental6.infotiv.net/</arg>
</arguments>
<msg timestamp="20200319 13:43:57.211" level="INFO">Opening url 'http://rental6.infotiv.net/'</msg>
<status status="PASS" starttime="20200319 13:43:57.210" endtime="20200319 13:43:57.708"></status>
</kw>
<status status="PASS" starttime="20200319 13:43:51.850" endtime="20200319 13:43:57.708"></status>
</kw>
<kw name="Create User Invalid" library="keywords">
<kw name="Click Button" library="SeleniumLibrary">
<doc>Clicks the button identified by ``locator``.</doc>
<arguments>
<arg>xpath://*[@id="createUser"]</arg>
</arguments>
<msg timestamp="20200319 13:43:57.712" level="INFO">Clicking button 'xpath://*[@id="createUser"]'.</msg>
<status status="PASS" starttime="20200319 13:43:57.712" endtime="20200319 13:43:58.157"></status>
</kw>
<kw name="Input Text" library="SeleniumLibrary">
<doc>Types the given ``text`` into the text field identified by ``locator``.</doc>
<arguments>
<arg>id:name</arg>
<arg>billey</arg>
</arguments>
<msg timestamp="20200319 13:43:58.158" level="INFO">Typing text 'billey' into text field 'id:name'.</msg>
<status status="PASS" starttime="20200319 13:43:58.158" endtime="20200319 13:43:58.324"></status>
</kw>
<kw name="Input Text" library="SeleniumLibrary">
<doc>Types the given ``text`` into the text field identified by ``locator``.</doc>
<arguments>
<arg>id:last</arg>
<arg>bulley</arg>
</arguments>
<msg timestamp="20200319 13:43:58.325" level="INFO">Typing text 'bulley' into text field 'id:last'.</msg>
<status status="PASS" starttime="20200319 13:43:58.324" endtime="20200319 13:43:58.467"></status>
</kw>
<kw name="Input Text" library="SeleniumLibrary">
<doc>Types the given ``text`` into the text field identified by ``locator``.</doc>
<arguments>
<arg>id:phone</arg>
<arg>0704123456</arg>
</arguments>
<msg timestamp="20200319 13:43:58.467" level="INFO">Typing text '0704123456' into text field 'id:phone'.</msg>
<status status="PASS" starttime="20200319 13:43:58.467" endtime="20200319 13:43:58.602"></status>
</kw>
<kw name="Input Text" library="SeleniumLibrary">
<doc>Types the given ``text`` into the text field identified by ``locator``.</doc>
<arguments>
<arg>id:emailCreate</arg>
<arg>billey@hotmail.com</arg>
</arguments>
<msg timestamp="20200319 13:43:58.602" level="INFO">Typing text 'billey@hotmail.com' into text field 'id:emailCreate'.</msg>
<status status="PASS" starttime="20200319 13:43:58.602" endtime="20200319 13:43:58.796"></status>
</kw>
<kw name="Input Text" library="SeleniumLibrary">
<doc>Types the given ``text`` into the text field identified by ``locator``.</doc>
<arguments>
<arg>id:confirmEmail</arg>
<arg>billeyoo@hotmail.com</arg>
</arguments>
<msg timestamp="20200319 13:43:58.796" level="INFO">Typing text 'billeyoo@hotmail.com' into text field 'id:confirmEmail'.</msg>
<status status="PASS" starttime="20200319 13:43:58.796" endtime="20200319 13:43:58.988"></status>
</kw>
<kw name="Input Text" library="SeleniumLibrary">
<doc>Types the given ``text`` into the text field identified by ``locator``.</doc>
<arguments>
<arg>id:passwordCreate</arg>
<arg>hallihallå2</arg>
</arguments>
<msg timestamp="20200319 13:43:58.989" level="INFO">Typing text 'hallihallå2' into text field 'id:passwordCreate'.</msg>
<status status="PASS" starttime="20200319 13:43:58.988" endtime="20200319 13:43:59.147"></status>
</kw>
<kw name="Input Text" library="SeleniumLibrary">
<doc>Types the given ``text`` into the text field identified by ``locator``.</doc>
<arguments>
<arg>id:confirmPassword</arg>
<arg>hallihallå1</arg>
</arguments>
<msg timestamp="20200319 13:43:59.148" level="INFO">Typing text 'hallihallå1' into text field 'id:confirmPassword'.</msg>
<status status="PASS" starttime="20200319 13:43:59.147" endtime="20200319 13:43:59.302"></status>
</kw>
<kw name="Click Button" library="SeleniumLibrary">
<doc>Clicks the button identified by ``locator``.</doc>
<arguments>
<arg>xpath://*[@id="create"]</arg>
</arguments>
<msg timestamp="20200319 13:43:59.303" level="INFO">Clicking button 'xpath://*[@id="create"]'.</msg>
<status status="PASS" starttime="20200319 13:43:59.302" endtime="20200319 13:43:59.999"></status>
</kw>
<status status="PASS" starttime="20200319 13:43:57.710" endtime="20200319 13:44:00.000"></status>
</kw>
<kw name="Invalid Password Message" library="keywords">
<kw name="Wait Until Page Contains" library="SeleniumLibrary">
<doc>Waits until ``text`` appears on the current page.</doc>
<arguments>
<arg>Passwords must match</arg>
</arguments>
<status status="PASS" starttime="20200319 13:44:00.009" endtime="20200319 13:44:00.041"></status>
</kw>
<status status="PASS" starttime="20200319 13:44:00.008" endtime="20200319 13:44:00.041"></status>
</kw>
<kw name="End Web Test" library="keywords" type="teardown">
<kw name="Close Browser" library="SeleniumLibrary">
<doc>Closes the current browser.</doc>
<status status="PASS" starttime="20200319 13:44:00.047" endtime="20200319 13:44:02.498"></status>
</kw>
<status status="PASS" starttime="20200319 13:44:00.045" endtime="20200319 13:44:02.498"></status>
</kw>
<doc>"Page Functionality", "Create User".</doc>
<tags>
<tag>InvalidCreateUser</tag>
</tags>
<status status="PASS" starttime="20200319 13:43:51.849" endtime="20200319 13:44:02.499" critical="yes"></status>
</test>
<test id="s1-s1-t3" name="Select invalid dates to rent car">
<kw name="Begin Web Test" library="keywords" type="setup">
<kw name="Open Browser" library="SeleniumLibrary">
<doc>Opens a new browser instance to the optional ``url``.</doc>
<arguments>
<arg>about:blank</arg>
<arg>chrome</arg>
</arguments>
<msg timestamp="20200319 13:44:02.502" level="INFO">Opening browser 'chrome' to base url 'about:blank'.</msg>
<status status="PASS" starttime="20200319 13:44:02.502" endtime="20200319 13:44:07.935"></status>
</kw>
<kw name="Go To" library="SeleniumLibrary">
<doc>Navigates the current browser window to the provided ``url``.</doc>
<arguments>
<arg>http://rental6.infotiv.net/</arg>
</arguments>
<msg timestamp="20200319 13:44:07.936" level="INFO">Opening url 'http://rental6.infotiv.net/'</msg>
<status status="PASS" starttime="20200319 13:44:07.936" endtime="20200319 13:44:08.453"></status>
</kw>
<status status="PASS" starttime="20200319 13:44:02.502" endtime="20200319 13:44:08.453"></status>
</kw>
<kw name="Login" library="keywords">
<kw name="Input Text" library="SeleniumLibrary">
<doc>Types the given ``text`` into the text field identified by ``locator``.</doc>
<arguments>
<arg>id:email</arg>
<arg>billey123@hotmail.com</arg>
</arguments>
<msg timestamp="20200319 13:44:08.479" level="INFO">Typing text 'billey123@hotmail.com' into text field 'id:email'.</msg>
<status status="PASS" starttime="20200319 13:44:08.478" endtime="20200319 13:44:08.820"></status>
</kw>
<kw name="Input Text" library="SeleniumLibrary">
<doc>Types the given ``text`` into the text field identified by ``locator``.</doc>
<arguments>
<arg>id:password</arg>
<arg>hallihallå2</arg>
</arguments>
<msg timestamp="20200319 13:44:08.821" level="INFO">Typing text 'hallihallå2' into text field 'id:password'.</msg>
<status status="PASS" starttime="20200319 13:44:08.820" endtime="20200319 13:44:09.033"></status>
</kw>
<kw name="Click Button" library="SeleniumLibrary">
<doc>Clicks the button identified by ``locator``.</doc>
<arguments>
<arg>xpath://*[@id="login"]</arg>
</arguments>
<msg timestamp="20200319 13:44:09.034" level="INFO">Clicking button 'xpath://*[@id="login"]'.</msg>
<status status="PASS" starttime="20200319 13:44:09.033" endtime="20200319 13:44:09.728"></status>
</kw>
<status status="PASS" starttime="20200319 13:44:08.478" endtime="20200319 13:44:09.729"></status>
</kw>
<kw name="Choose Invalid Rentdate" library="keywords">
<kw name="Input Text" library="SeleniumLibrary">
<doc>Types the given ``text`` into the text field identified by ``locator``.</doc>
<arguments>
<arg>id:start</arg>
<arg>2020-02-28</arg>
</arguments>
<msg timestamp="20200319 13:44:09.734" level="INFO">Typing text '2020-02-28' into text field 'id:start'.</msg>
<status status="PASS" starttime="20200319 13:44:09.734" endtime="20200319 13:44:09.934"></status>
</kw>
<kw name="Input Text" library="SeleniumLibrary">
<doc>Types the given ``text`` into the text field identified by ``locator``.</doc>
<arguments>
<arg>id:end</arg>
<arg>2020-02-28</arg>
</arguments>
<msg timestamp="20200319 13:44:09.935" level="INFO">Typing text '2020-02-28' into text field 'id:end'.</msg>
<status status="PASS" starttime="20200319 13:44:09.934" endtime="20200319 13:44:10.134"></status>
</kw>
<kw name="Click Button" library="SeleniumLibrary">
<doc>Clicks the button identified by ``locator``.</doc>
<arguments>
<arg>xpath://*[@id="continue"]</arg>
</arguments>
<msg timestamp="20200319 13:44:10.134" level="INFO">Clicking button 'xpath://*[@id="continue"]'.</msg>
<status status="PASS" starttime="20200319 13:44:10.134" endtime="20200319 13:44:10.287"></status>
</kw>
<status status="PASS" starttime="20200319 13:44:09.733" endtime="20200319 13:44:10.287"></status>
</kw>
<kw name="View Invalid Rentdate" library="keywords">
<kw name="Wait Until Page Contains Element" library="SeleniumLibrary">
<doc>Waits until the element ``locator`` appears on the current page.</doc>
<arguments>
<arg>xpath://*[@id="start"]</arg>
</arguments>
<status status="PASS" starttime="20200319 13:44:10.298" endtime="20200319 13:44:10.362"></status>
</kw>
<status status="PASS" starttime="20200319 13:44:10.298" endtime="20200319 13:44:10.362"></status>
</kw>
<kw name="End Web Test" library="keywords" type="teardown">
<kw name="Close Browser" library="SeleniumLibrary">
<doc>Closes the current browser.</doc>
<status status="PASS" starttime="20200319 13:44:10.366" endtime="20200319 13:44:12.652"></status>
</kw>
<status status="PASS" starttime="20200319 13:44:10.365" endtime="20200319 13:44:12.652"></status>
</kw>
<doc>"Date Selection"</doc>
<tags>
<tag>InvalidDate</tag>
</tags>
<status status="PASS" starttime="20200319 13:44:02.501" endtime="20200319 13:44:12.653" critical="yes"></status>
</test>
<test id="s1-s1-t4" name="Rent car successfully">
<kw name="Begin Web Test" library="keywords" type="setup">
<kw name="Open Browser" library="SeleniumLibrary">
<doc>Opens a new browser instance to the optional ``url``.</doc>
<arguments>
<arg>about:blank</arg>
<arg>chrome</arg>
</arguments>
<msg timestamp="20200319 13:44:12.656" level="INFO">Opening browser 'chrome' to base url 'about:blank'.</msg>
<status status="PASS" starttime="20200319 13:44:12.656" endtime="20200319 13:44:18.001"></status>
</kw>
<kw name="Go To" library="SeleniumLibrary">
<doc>Navigates the current browser window to the provided ``url``.</doc>
<arguments>
<arg>http://rental6.infotiv.net/</arg>
</arguments>
<msg timestamp="20200319 13:44:18.003" level="INFO">Opening url 'http://rental6.infotiv.net/'</msg>
<status status="PASS" starttime="20200319 13:44:18.002" endtime="20200319 13:44:18.439"></status>
</kw>
<status status="PASS" starttime="20200319 13:44:12.655" endtime="20200319 13:44:18.439"></status>
</kw>
<kw name="Login" library="keywords">
<kw name="Input Text" library="SeleniumLibrary">
<doc>Types the given ``text`` into the text field identified by ``locator``.</doc>
<arguments>
<arg>id:email</arg>
<arg>billey123@hotmail.com</arg>
</arguments>
<msg timestamp="20200319 13:44:18.451" level="INFO">Typing text 'billey123@hotmail.com' into text field 'id:email'.</msg>
<status status="PASS" starttime="20200319 13:44:18.450" endtime="20200319 13:44:18.712"></status>
</kw>
<kw name="Input Text" library="SeleniumLibrary">
<doc>Types the given ``text`` into the text field identified by ``locator``.</doc>
<arguments>
<arg>id:password</arg>
<arg>hallihallå2</arg>
</arguments>
<msg timestamp="20200319 13:44:18.713" level="INFO">Typing text 'hallihallå2' into text field 'id:password'.</msg>
<status status="PASS" starttime="20200319 13:44:18.713" endtime="20200319 13:44:18.852"></status>
</kw>
<kw name="Click Button" library="SeleniumLibrary">
<doc>Clicks the button identified by ``locator``.</doc>
<arguments>
<arg>xpath://*[@id="login"]</arg>
</arguments>
<msg timestamp="20200319 13:44:18.853" level="INFO">Clicking button 'xpath://*[@id="login"]'.</msg>
<status status="PASS" starttime="20200319 13:44:18.852" endtime="20200319 13:44:19.455"></status>
</kw>
<status status="PASS" starttime="20200319 13:44:18.450" endtime="20200319 13:44:19.455"></status>
</kw>
<kw name="Choose A Valid Rentdate" library="keywords">
<kw name="Click Button" library="SeleniumLibrary">
<doc>Clicks the button identified by ``locator``.</doc>
<arguments>
<arg>xpath://*[@id="continue"]</arg>
</arguments>
<msg timestamp="20200319 13:44:19.458" level="INFO">Clicking button 'xpath://*[@id="continue"]'.</msg>
<status status="PASS" starttime="20200319 13:44:19.457" endtime="20200319 13:44:20.281"></status>
</kw>
<status status="PASS" starttime="20200319 13:44:19.456" endtime="20200319 13:44:20.281"></status>
</kw>
<kw name="Choose Car" library="keywords">
<kw name="Click Button" library="SeleniumLibrary">
<doc>Clicks the button identified by ``locator``.</doc>
<arguments>
<arg>xpath://*[@id="bookQ7pass5"]</arg>
</arguments>
<msg timestamp="20200319 13:44:20.285" level="INFO">Clicking button 'xpath://*[@id="bookQ7pass5"]'.</msg>
<status status="PASS" starttime="20200319 13:44:20.284" endtime="20200319 13:44:20.832"></status>
</kw>
<status status="PASS" starttime="20200319 13:44:20.283" endtime="20200319 13:44:20.832"></status>
</kw>
<kw name="Enter Card Details" library="keywords">
<kw name="Input Text" library="SeleniumLibrary">
<doc>Types the given ``text`` into the text field identified by ``locator``.</doc>
<arguments>
<arg>id:cardNum</arg>
<arg>1234123412341234</arg>
</arguments>
<msg timestamp="20200319 13:44:20.833" level="INFO">Typing text '1234123412341234' into text field 'id:cardNum'.</msg>
<status status="PASS" starttime="20200319 13:44:20.833" endtime="20200319 13:44:21.028"></status>
</kw>
<kw name="Input Text" library="SeleniumLibrary">
<doc>Types the given ``text`` into the text field identified by ``locator``.</doc>
<arguments>
<arg>id:fullName</arg>
<arg>billey123 bulley123</arg>
</arguments>
<msg timestamp="20200319 13:44:21.029" level="INFO">Typing text 'billey123 bulley123' into text field 'id:fullName'.</msg>
<status status="PASS" starttime="20200319 13:44:21.028" endtime="20200319 13:44:21.296"></status>
</kw>
<kw name="Select From List By Label" library="SeleniumLibrary">
<doc>Selects options from selection list ``locator`` by ``labels``.</doc>
<arguments>
<arg>xpath://select[@title="Month"]</arg>
<arg>6</arg>
</arguments>
<msg timestamp="20200319 13:44:21.297" level="INFO">Selecting options from selection list 'xpath://select[@title="Month"]' by label 6.</msg>
<status status="PASS" starttime="20200319 13:44:21.296" endtime="20200319 13:44:21.449"></status>
</kw>
<kw name="Select From List By Label" library="SeleniumLibrary">
<doc>Selects options from selection list ``locator`` by ``labels``.</doc>
<arguments>
<arg>xpath://select[@title="Year"]</arg>
<arg>2021</arg>
</arguments>
<msg timestamp="20200319 13:44:21.450" level="INFO">Selecting options from selection list 'xpath://select[@title="Year"]' by label 2021.</msg>
<status status="PASS" starttime="20200319 13:44:21.450" endtime="20200319 13:44:21.579"></status>
</kw>
<kw name="Input Text" library="SeleniumLibrary">
<doc>Types the given ``text`` into the text field identified by ``locator``.</doc>
<arguments>
<arg>id:cvc</arg>
<arg>123</arg>
</arguments>
<msg timestamp="20200319 13:44:21.579" level="INFO">Typing text '123' into text field 'id:cvc'.</msg>
<status status="PASS" starttime="20200319 13:44:21.579" endtime="20200319 13:44:21.702"></status>
</kw>
<kw name="Click Button" library="SeleniumLibrary">
<doc>Clicks the button identified by ``locator``.</doc>
<arguments>
<arg>xpath://*[@id="confirm"]</arg>
</arguments>
<msg timestamp="20200319 13:44:21.702" level="INFO">Clicking button 'xpath://*[@id="confirm"]'.</msg>
<status status="PASS" starttime="20200319 13:44:21.702" endtime="20200319 13:44:22.038"></status>
</kw>
<status status="PASS" starttime="20200319 13:44:20.833" endtime="20200319 13:44:22.038"></status>
</kw>
<kw name="Verify car has been booked" library="keywords">
<kw name="Wait Until Page Contains" library="SeleniumLibrary">
<doc>Waits until ``text`` appears on the current page.</doc>
<arguments>
<arg>is now ready for pickup</arg>
</arguments>
<status status="PASS" starttime="20200319 13:44:22.052" endtime="20200319 13:44:22.083"></status>
</kw>
<status status="PASS" starttime="20200319 13:44:22.051" endtime="20200319 13:44:22.083"></status>
</kw>
<kw name="Go to my page" library="keywords">
<kw name="Click Button" library="SeleniumLibrary">
<doc>Clicks the button identified by ``locator``.</doc>
<arguments>
<arg>xpath://*[@id="mypage"]</arg>
</arguments>
<msg timestamp="20200319 13:44:22.085" level="INFO">Clicking button 'xpath://*[@id="mypage"]'.</msg>
<status status="PASS" starttime="20200319 13:44:22.084" endtime="20200319 13:44:22.489"></status>
</kw>
<status status="PASS" starttime="20200319 13:44:22.084" endtime="20200319 13:44:22.489"></status>
</kw>
<kw name="Delete booking" library="keywords">
<kw name="Click Button" library="SeleniumLibrary">
<doc>Clicks the button identified by ``locator``.</doc>
<arguments>
<arg>xpath://*[@id="unBook1"]</arg>
</arguments>
<msg timestamp="20200319 13:44:22.498" level="INFO">Clicking button 'xpath://*[@id="unBook1"]'.</msg>
<status status="PASS" starttime="20200319 13:44:22.497" endtime="20200319 13:44:22.613"></status>
</kw>
<kw name="Handle Alert" library="SeleniumLibrary">
<doc>Handles the current alert and returns its message.</doc>
<arguments>
<arg>action=ACCEPT</arg>
</arguments>
<status status="PASS" starttime="20200319 13:44:22.613" endtime="20200319 13:44:22.619"></status>
</kw>
<kw name="Wait Until Page Contains" library="SeleniumLibrary">
<doc>Waits until ``text`` appears on the current page.</doc>
<arguments>
<arg>Returned</arg>
</arguments>
<status status="PASS" starttime="20200319 13:44:22.619" endtime="20200319 13:44:22.903"></status>
</kw>
<status status="PASS" starttime="20200319 13:44:22.496" endtime="20200319 13:44:22.903"></status>
</kw>
<kw name="End Web Test" library="keywords" type="teardown">
<kw name="Close Browser" library="SeleniumLibrary">
<doc>Closes the current browser.</doc>
<status status="PASS" starttime="20200319 13:44:22.905" endtime="20200319 13:44:25.197"></status>
</kw>
<status status="PASS" starttime="20200319 13:44:22.904" endtime="20200319 13:44:25.197"></status>
</kw>
<doc>"Car Selection", "Car Booking", "Successful Booking"</doc>
<tags>
<tag>ValidRent</tag>
</tags>
<status status="PASS" starttime="20200319 13:44:12.655" endtime="20200319 13:44:25.198" critical="yes"></status>
</test>
<test id="s1-s1-t5" name="Access my page to view bookings">
<kw name="Begin Web Test" library="keywords" type="setup">
<kw name="Open Browser" library="SeleniumLibrary">
<doc>Opens a new browser instance to the optional ``url``.</doc>
<arguments>
<arg>about:blank</arg>
<arg>chrome</arg>
</arguments>
<msg timestamp="20200319 13:44:25.202" level="INFO">Opening browser 'chrome' to base url 'about:blank'.</msg>
<status status="PASS" starttime="20200319 13:44:25.201" endtime="20200319 13:44:30.618"></status>
</kw>
<kw name="Go To" library="SeleniumLibrary">
<doc>Navigates the current browser window to the provided ``url``.</doc>
<arguments>
<arg>http://rental6.infotiv.net/</arg>
</arguments>
<msg timestamp="20200319 13:44:30.619" level="INFO">Opening url 'http://rental6.infotiv.net/'</msg>
<status status="PASS" starttime="20200319 13:44:30.619" endtime="20200319 13:44:31.088"></status>
</kw>
<status status="PASS" starttime="20200319 13:44:25.201" endtime="20200319 13:44:31.088"></status>
</kw>
<kw name="Login" library="keywords">
<kw name="Input Text" library="SeleniumLibrary">
<doc>Types the given ``text`` into the text field identified by ``locator``.</doc>
<arguments>
<arg>id:email</arg>
<arg>billey123@hotmail.com</arg>
</arguments>
<msg timestamp="20200319 13:44:31.092" level="INFO">Typing text 'billey123@hotmail.com' into text field 'id:email'.</msg>
<status status="PASS" starttime="20200319 13:44:31.092" endtime="20200319 13:44:31.421"></status>
</kw>
<kw name="Input Text" library="SeleniumLibrary">
<doc>Types the given ``text`` into the text field identified by ``locator``.</doc>
<arguments>
<arg>id:password</arg>
<arg>hallihallå2</arg>
</arguments>
<msg timestamp="20200319 13:44:31.421" level="INFO">Typing text 'hallihallå2' into text field 'id:password'.</msg>
<status status="PASS" starttime="20200319 13:44:31.421" endtime="20200319 13:44:31.582"></status>
</kw>
<kw name="Click Button" library="SeleniumLibrary">
<doc>Clicks the button identified by ``locator``.</doc>
<arguments>
<arg>xpath://*[@id="login"]</arg>
</arguments>
<msg timestamp="20200319 13:44:31.583" level="INFO">Clicking button 'xpath://*[@id="login"]'.</msg>
<status status="PASS" starttime="20200319 13:44:31.582" endtime="20200319 13:44:32.336"></status>
</kw>
<status status="PASS" starttime="20200319 13:44:31.089" endtime="20200319 13:44:32.337"></status>
</kw>
<kw name="Go to my page" library="keywords">
<kw name="Click Button" library="SeleniumLibrary">
<doc>Clicks the button identified by ``locator``.</doc>
<arguments>
<arg>xpath://*[@id="mypage"]</arg>
</arguments>
<msg timestamp="20200319 13:44:32.339" level="INFO">Clicking button 'xpath://*[@id="mypage"]'.</msg>
<status status="PASS" starttime="20200319 13:44:32.338" endtime="20200319 13:44:32.785"></status>
</kw>
<status status="PASS" starttime="20200319 13:44:32.337" endtime="20200319 13:44:32.786"></status>
</kw>
<kw name="View bookings" library="keywords">
<kw name="Wait Until Page Contains" library="SeleniumLibrary">
<doc>Waits until ``text`` appears on the current page.</doc>
<arguments>
<arg>My bookings</arg>
</arguments>
<status status="PASS" starttime="20200319 13:44:32.787" endtime="20200319 13:44:32.820"></status>
</kw>
<status status="PASS" starttime="20200319 13:44:32.786" endtime="20200319 13:44:32.820"></status>
</kw>
<kw name="End Web Test" library="keywords" type="teardown">
<kw name="Close Browser" library="SeleniumLibrary">
<doc>Closes the current browser.</doc>
<status status="PASS" starttime="20200319 13:44:32.821" endtime="20200319 13:44:35.096"></status>
</kw>
<status status="PASS" starttime="20200319 13:44:32.821" endtime="20200319 13:44:35.096"></status>
</kw>
<doc>"My Page"</doc>
<tags>
<tag>ViewBookings</tag>
</tags>
<status status="PASS" starttime="20200319 13:44:25.200" endtime="20200319 13:44:35.097" critical="yes"></status>
</test>
<test id="s1-s1-t6" name="Scenario: Log in with valid info">
<kw name="Begin Web Test" library="keywords" type="setup">
<kw name="Open Browser" library="SeleniumLibrary">
<doc>Opens a new browser instance to the optional ``url``.</doc>
<arguments>
<arg>about:blank</arg>
<arg>chrome</arg>
</arguments>
<msg timestamp="20200319 13:44:35.101" level="INFO">Opening browser 'chrome' to base url 'about:blank'.</msg>
<status status="PASS" starttime="20200319 13:44:35.101" endtime="20200319 13:44:40.571"></status>
</kw>
<kw name="Go To" library="SeleniumLibrary">
<doc>Navigates the current browser window to the provided ``url``.</doc>
<arguments>
<arg>http://rental6.infotiv.net/</arg>
</arguments>
<msg timestamp="20200319 13:44:40.572" level="INFO">Opening url 'http://rental6.infotiv.net/'</msg>
<status status="PASS" starttime="20200319 13:44:40.571" endtime="20200319 13:44:41.056"></status>
</kw>
<status status="PASS" starttime="20200319 13:44:35.100" endtime="20200319 13:44:41.056"></status>
</kw>
<kw name="Given I Am On Main Page" library="keywords">
<kw name="Go To" library="SeleniumLibrary">
<doc>Navigates the current browser window to the provided ``url``.</doc>
<arguments>
<arg>http://rental6.infotiv.net/</arg>
</arguments>
<msg timestamp="20200319 13:44:41.069" level="INFO">Opening url 'http://rental6.infotiv.net/'</msg>
<status status="PASS" starttime="20200319 13:44:41.069" endtime="20200319 13:44:41.317"></status>
</kw>
<status status="PASS" starttime="20200319 13:44:41.068" endtime="20200319 13:44:41.318"></status>
</kw>
<kw name="When Login" library="keywords">
<kw name="Input Text" library="SeleniumLibrary">
<doc>Types the given ``text`` into the text field identified by ``locator``.</doc>
<arguments>
<arg>id:email</arg>
<arg>billey123@hotmail.com</arg>
</arguments>
<msg timestamp="20200319 13:44:41.320" level="INFO">Typing text 'billey123@hotmail.com' into text field 'id:email'.</msg>
<status status="PASS" starttime="20200319 13:44:41.319" endtime="20200319 13:44:41.572"></status>
</kw>
<kw name="Input Text" library="SeleniumLibrary">
<doc>Types the given ``text`` into the text field identified by ``locator``.</doc>
<arguments>
<arg>id:password</arg>
<arg>hallihallå2</arg>
</arguments>
<msg timestamp="20200319 13:44:41.573" level="INFO">Typing text 'hallihallå2' into text field 'id:password'.</msg>
<status status="PASS" starttime="20200319 13:44:41.572" endtime="20200319 13:44:41.733"></status>
</kw>
<kw name="Click Button" library="SeleniumLibrary">
<doc>Clicks the button identified by ``locator``.</doc>
<arguments>
<arg>xpath://*[@id="login"]</arg>
</arguments>
<msg timestamp="20200319 13:44:41.733" level="INFO">Clicking button 'xpath://*[@id="login"]'.</msg>
<status status="PASS" starttime="20200319 13:44:41.733" endtime="20200319 13:44:42.539"></status>
</kw>
<status status="PASS" starttime="20200319 13:44:41.318" endtime="20200319 13:44:42.539"></status>
</kw>
<kw name="Then Verify valid login message" library="keywords">
<kw name="Wait Until Page Contains" library="SeleniumLibrary">
<doc>Waits until ``text`` appears on the current page.</doc>
<arguments>
<arg>You are signed in as</arg>
</arguments>
<status status="PASS" starttime="20200319 13:44:42.593" endtime="20200319 13:44:42.631"></status>
</kw>
<status status="PASS" starttime="20200319 13:44:42.592" endtime="20200319 13:44:42.631"></status>
</kw>
<kw name="End Web Test" library="keywords" type="teardown">
<kw name="Close Browser" library="SeleniumLibrary">
<doc>Closes the current browser.</doc>
<status status="PASS" starttime="20200319 13:44:42.633" endtime="20200319 13:44:45.110"></status>
</kw>
<status status="PASS" starttime="20200319 13:44:42.633" endtime="20200319 13:44:45.110"></status>
</kw>
<tags>
<tag>GherkinLoginTest</tag>
</tags>
<status status="PASS" starttime="20200319 13:44:35.099" endtime="20200319 13:44:45.111" critical="yes"></status>
</test>
<doc>Documentation abt testsuite</doc>
<status status="PASS" starttime="20200319 13:43:43.298" endtime="20200319 13:44:45.114"></status>
</suite>
<status status="PASS" starttime="20200319 13:43:43.248" endtime="20200319 13:44:45.124"></status>
</suite>
<statistics>
<total>
<stat pass="6" fail="0">Critical Tests</stat>
<stat pass="6" fail="0">All Tests</stat>
</total>
<tag>
<stat pass="1" fail="0">AccessWebpage</stat>
<stat pass="1" fail="0">GherkinLoginTest</stat>
<stat pass="1" fail="0">InvalidCreateUser</stat>
<stat pass="1" fail="0">InvalidDate</stat>
<stat pass="1" fail="0">ValidRent</stat>
<stat pass="1" fail="0">ViewBookings</stat>
</tag>
<suite>
<stat pass="6" fail="0" id="s1" name="Tester">Tester</stat>
<stat pass="6" fail="0" id="s1-s1" name="Testlabb2">Tester.Testlabb2</stat>
</suite>
</statistics>
<errors>
<msg timestamp="20200319 13:43:43.233" level="WARN">Collapsing consecutive whitespace during parsing is deprecated. Fix ' #' in file 'C:\Users\Balder\PycharmProjects\untitled\Tester\testlabb2.robot' on line 23.</msg>
<msg timestamp="20200319 13:43:43.233" level="WARN">Collapsing consecutive whitespace during parsing is deprecated. Fix ' #' in file 'C:\Users\Balder\PycharmProjects\untitled\Tester\testlabb2.robot' on line 24.</msg>
<msg timestamp="20200319 13:43:43.234" level="WARN">Collapsing consecutive whitespace during parsing is deprecated. Fix ' #' in file 'C:\Users\Balder\PycharmProjects\untitled\Tester\testlabb2.robot' on line 25.</msg>
</errors>
</robot>
